<?xml version="1.0" encoding="UTF-8"?>
<!-- Generated by org.testng.reporters.JUnitReportReporter -->
<testsuite hostname="MSI" failures="0" tests="1" name="Yatra.base" time="11.975" errors="0" timestamp="2021-06-15T16:50:36 IST" skipped="0">
  <testcase classname="Yatra.base" name="initalizeDriver" time="11.975"/>
  <system-out/>
</testsuite> <!-- Yatra.base -->
