<?xml version="1.0" encoding="UTF-8"?>
<!-- Generated by org.testng.reporters.JUnitReportReporter -->
<testsuite hostname="MSI" failures="0" tests="2" name="Yatra.HomePageTest" time="31.302" errors="0" timestamp="2021-06-26T13:59:01 IST" skipped="0">
  <testcase classname="Yatra.HomePageTest" name="wanderHomePage" time="13.039"/>
  <system-out/>
  <testcase classname="Yatra.HomePageTest" name="wanderHomePage" time="18.263"/>
  <system-out/>
</testsuite> <!-- Yatra.HomePageTest -->
